app/build/outputs/logs/manifest-merger-debug-report.txt
-- Merging decision tree log ---
manifest
ADDED from src/main/AndroidManifest.xml:2:1-101:12
INJECTED from src/main/AndroidManifest.xml:2:1-101:12
INJECTED from src/main/AndroidManifest.xml:2:1-101:12
INJECTED from src/main/AndroidManifest.xml:2:1-101:12
INJECTED from src/main/AndroidManifest.xml:2:1-101:12
INJECTED from src/main/AndroidManifest.xml:2:1-101:12
INJECTED from src/main/AndroidManifest.xml:2:1-101:12
	package
		ADDED from src/main/AndroidManifest.xml:3:5-39
		INJECTED from src/main/AndroidManifest.xml
		INJECTED from src/main/AndroidManifest.xml
	android:sharedUserId
		ADDED from src/main/AndroidManifest.xml:5:5-42
	android:versionName
		ADDED from src/main/AndroidManifest.xml:7:5-33
		INJECTED from src/main/AndroidManifest.xml
		INJECTED from src/main/AndroidManifest.xml
	xmlns:android
		ADDED from src/main/AndroidManifest.xml:2:11-69
	android:versionCode
		ADDED from src/main/AndroidManifest.xml:6:5-28
		INJECTED from src/main/AndroidManifest.xml
		INJECTED from src/main/AndroidManifest.xml
	android:installLocation
		ADDED from src/main/AndroidManifest.xml:4:5-35
uses-sdk
ADDED from src/main/AndroidManifest.xml:9:5-11:41
INJECTED from src/main/AndroidManifest.xml:9:5-11:41
INJECTED from src/main/AndroidManifest.xml:9:5-11:41
INJECTED from src/main/AndroidManifest.xml:9:5-11:41
INJECTED from src/main/AndroidManifest.xml:9:5-11:41
	android:targetSdkVersion
		ADDED from src/main/AndroidManifest.xml:11:9-38
		INJECTED from src/main/AndroidManifest.xml
		INJECTED from src/main/AndroidManifest.xml
	android:minSdkVersion
		ADDED from src/main/AndroidManifest.xml:10:9-35
		INJECTED from src/main/AndroidManifest.xml
		INJECTED from src/main/AndroidManifest.xml
uses-permission#android.permission.WAKE_LOCK
ADDED from src/main/AndroidManifest.xml:13:5-68
	android:name
		ADDED from src/main/AndroidManifest.xml:13:22-65
uses-permission#android.permission.WRITE_EXTERNAL_STORAGE
ADDED from src/main/AndroidManifest.xml:14:5-81
	android:name
		ADDED from src/main/AndroidManifest.xml:14:22-78
uses-permission#android.permission.WRITE_INTERNAL_STORAGE
ADDED from src/main/AndroidManifest.xml:15:5-81
	android:name
		ADDED from src/main/AndroidManifest.xml:15:22-78
uses-permission#android.permission.BLUETOOTH_ADMIN
ADDED from src/main/AndroidManifest.xml:16:5-74
	android:name
		ADDED from src/main/AndroidManifest.xml:16:22-71
uses-permission#android.permission.BLUETOOTH
ADDED from src/main/AndroidManifest.xml:17:5-68
	android:name
		ADDED from src/main/AndroidManifest.xml:17:22-65
uses-permission#android.permission.KILL_BACKGROUND_PROCESSES
ADDED from src/main/AndroidManifest.xml:18:5-84
	android:name
		ADDED from src/main/AndroidManifest.xml:18:22-81
uses-permission#android.permission.INTERNET
ADDED from src/main/AndroidManifest.xml:19:5-67
	android:name
		ADDED from src/main/AndroidManifest.xml:19:22-64
uses-permission#android.permission.ACCESS_WIFI_STATE
ADDED from src/main/AndroidManifest.xml:20:5-76
	android:name
		ADDED from src/main/AndroidManifest.xml:20:22-73
uses-permission#android.hardware.usb.host
ADDED from src/main/AndroidManifest.xml:21:5-65
	android:name
		ADDED from src/main/AndroidManifest.xml:21:22-62
uses-feature#android.hardware.usb.host
ADDED from src/main/AndroidManifest.xml:23:5-25:35
	android:required
		ADDED from src/main/AndroidManifest.xml:25:9-32
	android:name
		ADDED from src/main/AndroidManifest.xml:24:9-49
application
ADDED from src/main/AndroidManifest.xml:27:5-99:19
	android:screenOrientation
		ADDED from src/main/AndroidManifest.xml:32:9-46
	android:label
		ADDED from src/main/AndroidManifest.xml:30:9-41
	android:largeHeap
		ADDED from src/main/AndroidManifest.xml:31:9-33
	android:icon
		ADDED from src/main/AndroidManifest.xml:29:9-45
	android:allowBackup
		ADDED from src/main/AndroidManifest.xml:28:9-35
	android:theme
		ADDED from src/main/AndroidManifest.xml:33:9-67
activity#cn.jucheng.www.hulisiwei.MainActivity
ADDED from src/main/AndroidManifest.xml:34:9-43:20
	android:screenOrientation
		ADDED from src/main/AndroidManifest.xml:37:13-50
	android:label
		ADDED from src/main/AndroidManifest.xml:36:13-45
	android:name
		ADDED from src/main/AndroidManifest.xml:35:13-65
intent-filter#android.intent.action.MAIN+android.intent.category.LAUNCHER
ADDED from src/main/AndroidManifest.xml:38:13-42:29
action#android.intent.action.MAIN
ADDED from src/main/AndroidManifest.xml:39:17-69
	android:name
		ADDED from src/main/AndroidManifest.xml:39:25-66
category#android.intent.category.LAUNCHER
ADDED from src/main/AndroidManifest.xml:41:17-77
	android:name
		ADDED from src/main/AndroidManifest.xml:41:27-74
activity#cn.jucheng.www.hulisiwei.SettingsActivity
ADDED from src/main/AndroidManifest.xml:46:9-51:67
	android:label
		ADDED from src/main/AndroidManifest.xml:49:13-45
	android:windowSoftInputMode
		ADDED from src/main/AndroidManifest.xml:51:13-64
	android:configChanges
		ADDED from src/main/AndroidManifest.xml:48:13-48
	android:theme
		ADDED from src/main/AndroidManifest.xml:50:13-83
	android:name
		ADDED from src/main/AndroidManifest.xml:47:13-69
service#cn.jucheng.jclibs.socket.WorkService
ADDED from src/main/AndroidManifest.xml:53:9-72
	android:name
		ADDED from src/main/AndroidManifest.xml:53:18-69
activity#cn.jucheng.www.hulisiwei.ConnectionSettingsActivity
ADDED from src/main/AndroidManifest.xml:55:9-60:20
	android:screenOrientation
		ADDED from src/main/AndroidManifest.xml:58:13-50
	android:label
		ADDED from src/main/AndroidManifest.xml:57:13-45
	android:theme
		ADDED from src/main/AndroidManifest.xml:59:13-83
	android:name
		ADDED from src/main/AndroidManifest.xml:56:13-79
activity#cn.jucheng.www.hulisiwei.SearchBTActivity
ADDED from src/main/AndroidManifest.xml:61:9-64:86
	android:screenOrientation
		ADDED from src/main/AndroidManifest.xml:63:13-50
	android:theme
		ADDED from src/main/AndroidManifest.xml:64:13-83
	android:name
		ADDED from src/main/AndroidManifest.xml:62:13-69
activity#cn.jucheng.www.hulisiwei.ConnectBTPairedActivity
ADDED from src/main/AndroidManifest.xml:69:9-72:86
	android:screenOrientation
		ADDED from src/main/AndroidManifest.xml:71:13-50
	android:theme
		ADDED from src/main/AndroidManifest.xml:72:13-83
	android:name
		ADDED from src/main/AndroidManifest.xml:70:13-76
activity#cn.jucheng.www.hulisiwei.ConnectIPActivity
ADDED from src/main/AndroidManifest.xml:73:9-76:86
	android:screenOrientation
		ADDED from src/main/AndroidManifest.xml:75:13-50
	android:theme
		ADDED from src/main/AndroidManifest.xml:76:13-83
	android:name
		ADDED from src/main/AndroidManifest.xml:74:13-70
activity#cn.jucheng.www.hulisiwei.ConnectUSBActivity
ADDED from src/main/AndroidManifest.xml:82:9-85:86
	android:screenOrientation
		ADDED from src/main/AndroidManifest.xml:84:13-50
	android:theme
		ADDED from src/main/AndroidManifest.xml:85:13-83
	android:name
		ADDED from src/main/AndroidManifest.xml:83:13-71
activity#cn.jucheng.www.hulisiwei.LoginActivity
ADDED from src/main/AndroidManifest.xml:86:9-98:20
	android:label
		ADDED from src/main/AndroidManifest.xml:88:13-45
	android:windowSoftInputMode
		ADDED from src/main/AndroidManifest.xml:89:13-64
	android:name
		ADDED from src/main/AndroidManifest.xml:87:13-66
intent-filter#android.hardware.usb.action.USB_DEVICE_ATTACHED+android.hardware.usb.action.USB_DEVICE_DETACHED
ADDED from src/main/AndroidManifest.xml:90:13-93:29
action#android.hardware.usb.action.USB_DEVICE_ATTACHED
ADDED from src/main/AndroidManifest.xml:91:17-90
	android:name
		ADDED from src/main/AndroidManifest.xml:91:25-87
action#android.hardware.usb.action.USB_DEVICE_DETACHED
ADDED from src/main/AndroidManifest.xml:92:17-90
	android:name
		ADDED from src/main/AndroidManifest.xml:92:25-87
meta-data#android.hardware.usb.action.USB_DEVICE_ATTACHED
ADDED from src/main/AndroidManifest.xml:95:13-97:57
	android:resource
		ADDED from src/main/AndroidManifest.xml:97:17-54
	android:name
		ADDED from src/main/AndroidManifest.xml:96:17-79